<?xml version="1.0" encoding="UTF-8"?>
<testsuite name="re.forestier.edu.UpdatePlayerTest" tests="14" skipped="0" failures="0" errors="0" timestamp="2025-11-24T00:09:28" hostname="DESKTOP-5ILICN9" time="0.096">
  <properties/>
  <testcase name="majFinDeTour_HealingForDwarfBeLowHalfHp()" classname="re.forestier.edu.UpdatePlayerTest" time="0.058"/>
  <testcase name="majFinDeTour_FinalCapCheck_DwarfOverflowsHP()" classname="re.forestier.edu.UpdatePlayerTest" time="0.001"/>
  <testcase name="addXp_shouldLevelUpWhenXpIsSufficient()" classname="re.forestier.edu.UpdatePlayerTest" time="0.004"/>
  <testcase name="majFinDeTour_HealingForArcherBeLowHalfHpMagicBow()" classname="re.forestier.edu.UpdatePlayerTest" time="0.001"/>
  <testcase name="majFinDeTour_HealingWhenHpAboveHalf()" classname="re.forestier.edu.UpdatePlayerTest" time="0.001"/>
  <testcase name="majFinDeTour_HealingForArcherBeLowHalfHp()" classname="re.forestier.edu.UpdatePlayerTest" time="0.001"/>
  <testcase name="forceClassLoadingCoverage()" classname="re.forestier.edu.UpdatePlayerTest" time="0.002"/>
  <testcase name="majFinDeTour_shouldDoNothingWhenPlayerIsKO()" classname="re.forestier.edu.UpdatePlayerTest" time="0.006"/>
  <testcase name="addXp_shouldntLevelUpWhenXpIsInsufficient()" classname="re.forestier.edu.UpdatePlayerTest" time="0.003"/>
  <testcase name="majFinDeTour_HealingWhenHpAtMax()" classname="re.forestier.edu.UpdatePlayerTest" time="0.0"/>
  <testcase name="majFinDeTour_HealingForAdventurerBeLowHalfHpForLevel3OrHigher()" classname="re.forestier.edu.UpdatePlayerTest" time="0.001"/>
  <testcase name="majFinDeTour_HealingForDwarfBeLowHalfHpHolyElixir()" classname="re.forestier.edu.UpdatePlayerTest" time="0.001"/>
  <testcase name="majFinDeTour_HealingShouldNotExceedMaxHp()" classname="re.forestier.edu.UpdatePlayerTest" time="0.001"/>
  <testcase name="majFinDeTour_HealingForAdventurerBeLowHalfHpForLevelLowerThan3()" classname="re.forestier.edu.UpdatePlayerTest" time="0.001"/>
  <system-out><![CDATA[Le joueur est KO !
]]></system-out>
  <system-err><![CDATA[]]></system-err>
</testsuite>
