<?xml version="1.0" encoding="UTF-8"?>
<testsuite name="re.forestier.edu.AffichageTest" tests="3" skipped="0" failures="0" errors="0" timestamp="2025-12-01T16:32:38" hostname="DESKTOP-5ILICN9" time="0.079">
  <properties/>
  <testcase name="forceClassLoadingCoverage()" classname="re.forestier.edu.AffichageTest" time="0.016"/>
  <testcase name="testAffichageIventaire()" classname="re.forestier.edu.AffichageTest" time="0.051"/>
  <testcase name="pit_Affichage_KillsForEachMutant()" classname="re.forestier.edu.AffichageTest" time="0.004"/>
  <system-out><![CDATA[]]></system-out>
  <system-err><![CDATA[]]></system-err>
</testsuite>
