<?xml version="1.0" encoding="UTF-8"?>
<testsuite name="re.forestier.edu.PlayerTest" tests="14" skipped="0" failures="0" errors="0" timestamp="2025-12-14T01:48:30" hostname="DESKTOP-5ILICN9" time="0.073">
  <properties/>
  <testcase name="retrieveLevel_2_whenXPis10()" classname="re.forestier.edu.PlayerTest" time="0.001"/>
  <testcase name="retrieveLevel_3_whenXPis27()" classname="re.forestier.edu.PlayerTest" time="0.002"/>
  <testcase name="constructorValidDwarf()" classname="re.forestier.edu.PlayerTest" time="0.001"/>
  <testcase name="retrieveLevel_1_whenXPis9()" classname="re.forestier.edu.PlayerTest" time="0.001"/>
  <testcase name="retrieveLevel_4_whenXPis57()" classname="re.forestier.edu.PlayerTest" time="0.002"/>
  <testcase name="getXPValid()" classname="re.forestier.edu.PlayerTest" time="0.001"/>
  <testcase name="addMoneyValid()" classname="re.forestier.edu.PlayerTest" time="0.003"/>
  <testcase name="removeMoneyValid()" classname="re.forestier.edu.PlayerTest" time="0.002"/>
  <testcase name="constructorInvalid()" classname="re.forestier.edu.PlayerTest" time="0.004"/>
  <testcase name="retrieveLevel_5_whenXPis111()" classname="re.forestier.edu.PlayerTest" time="0.015"/>
  <testcase name="construtorValidAdventurer()" classname="re.forestier.edu.PlayerTest" time="0.005"/>
  <testcase name="pit_removeMoney_KillsBoundaryMutant()" classname="re.forestier.edu.PlayerTest" time="0.006"/>
  <testcase name="removeMoneyThrowsError()" classname="re.forestier.edu.PlayerTest" time="0.002"/>
  <testcase name="constructorValidArcher()" classname="re.forestier.edu.PlayerTest" time="0.002"/>
  <system-out><![CDATA[]]></system-out>
  <system-err><![CDATA[]]></system-err>
</testsuite>
